GROUP,PACKAGE,CLASS,INSTRUCTION_MISSED,INSTRUCTION_COVERED,BRANCH_MISSED,BRANCH_COVERED,LINE_MISSED,LINE_COVERED,COMPLEXITY_MISSED,COMPLEXITY_COVERED,METHOD_MISSED,METHOD_COVERED
Common Exception Spring Web,org.bremersee.exception,RestApiExceptionMapperProperties.ExceptionMappingConfig,0,26,0,0,0,9,0,9,0,9
Common Exception Spring Web,org.bremersee.exception,RestApiExceptionMapperProperties.ExceptionMapping,3,2,0,0,1,1,1,1,1,1
Common Exception Spring Web,org.bremersee.exception,RestApiExceptionParserImpl,5,336,7,31,1,90,7,34,0,22
Common Exception Spring Web,org.bremersee.exception,RestApiResponseType,0,160,0,34,0,40,0,27,0,10
Common Exception Spring Web,org.bremersee.exception,RestApiExceptionMapperProperties,4,174,4,18,2,56,4,18,0,11
Common Exception Spring Web,org.bremersee.exception,RestApiExceptionMapperForWeb,5,800,10,60,0,173,10,80,0,55
Common Exception Spring Web,org.bremersee.exception,RestApiResponseErrorHandler,0,46,0,0,0,16,0,5,0,5
Common Exception Spring Web,org.bremersee.exception,RestApiExceptionParser,0,7,0,0,0,1,0,1,0,1
Common Exception Spring Web,org.bremersee.exception,RestApiResponseException,0,25,0,0,0,10,0,3,0,3
