GROUP,PACKAGE,CLASS,INSTRUCTION_MISSED,INSTRUCTION_COVERED,BRANCH_MISSED,BRANCH_COVERED,LINE_MISSED,LINE_COVERED,COMPLEXITY_MISSED,COMPLEXITY_COVERED,METHOD_MISSED,METHOD_COVERED
Common Exception Spring Web,org.bremersee.exception,RestApiExceptionMapperProperties.ExceptionMapping,3,2,0,0,1,1,1,1,1,1
Common Exception Spring Web,org.bremersee.exception,RestApiExceptionMapperProperties.ExceptionMappingConfig,0,26,0,0,0,9,0,9,0,9
Common Exception Spring Web,org.bremersee.exception,RestApiExceptionParserImpl,1,325,4,30,0,86,4,36,0,23
Common Exception Spring Web,org.bremersee.exception,RestApiResponseType,0,179,0,34,0,42,0,29,0,12
Common Exception Spring Web,org.bremersee.exception,RestApiExceptionMapperProperties,4,174,4,18,2,56,4,18,0,11
Common Exception Spring Web,org.bremersee.exception,RestApiExceptionMapperForWeb,5,772,10,54,0,167,10,76,0,54
Common Exception Spring Web,org.bremersee.exception,RestApiResponseErrorHandler,0,49,0,2,0,17,0,6,0,5
Common Exception Spring Web,org.bremersee.exception,RestApiExceptionParser,0,7,0,0,0,1,0,1,0,1
Common Exception Spring Web,org.bremersee.exception,RestApiResponseException,0,25,0,0,0,10,0,3,0,3
