GROUP,PACKAGE,CLASS,INSTRUCTION_MISSED,INSTRUCTION_COVERED,BRANCH_MISSED,BRANCH_COVERED,LINE_MISSED,LINE_COVERED,COMPLEXITY_MISSED,COMPLEXITY_COVERED,METHOD_MISSED,METHOD_COVERED
Common Exception Spring WebFlux,org.bremersee.exception.webclient,DefaultWebClientErrorDecoder,0,34,0,2,0,9,0,4,0,3
Common Exception Spring WebFlux,org.bremersee.exception.webclient,WebClientErrorDecoder,0,16,0,0,0,4,0,2,0,2
Common Exception Spring WebFlux,org.bremersee.exception,RestApiExceptionMapperForWebFlux,1,17,0,2,1,5,0,3,0,2
